<?xml version="1.0" encoding="UTF-8"?>
<!-- Generated by org.testng.reporters.JUnitXMLReporter -->
<testsuite ignored="0" hostname="VINAY-PATIL" failures="0" tests="5" name="Tgateway portal test" time="137.366" errors="0" timestamp="2022-10-11T11:28:55 IST">
  <testcase classname="gateway.testcases.RevisedPoTest" name="TC44" time="2.066"/>
  <testcase classname="gateway.testcases.RevisedPoTest" name="TC45" time="21.808"/>
  <testcase classname="gateway.testcases.RevisedPoTest" name="TC46" time="21.502"/>
  <testcase classname="gateway.testcases.RevisedPoTest" name="TC47" time="4.185"/>
  <testcase classname="gateway.testcases.RevisedPoTest" name="TC48" time="4.192"/>
</testsuite> <!-- Tgateway portal test -->
