<?xml version="1.0" encoding="UTF-8"?>
<testsuite xmlns:xsi="http://www.w3.org/2001/XMLSchema-instance" xsi:noNamespaceSchemaLocation="https://maven.apache.org/surefire/maven-surefire-plugin/xsd/surefire-test-report-3.0.xsd" version="3.0" name="TestSuite" time="11.578" tests="15" errors="0" skipped="14" failures="1">
  <properties>
[...]
</properties>
  <testcase name="SetUp" classname="gateway.testcases.RevisedPoTest" time="11.066">
    <failure message="Cannot invoke &quot;gateway.pages.HomePage.VerifyingOrderManagement()&quot; because &quot;this.Home&quot; is null" type="java.lang.NullPointerException"><![CDATA[java.lang.NullPointerException: Cannot invoke "gateway.pages.HomePage.VerifyingOrderManagement()" because "this.Home" is null
	at gateway.testcases.RevisedPoTest.SetUp(RevisedPoTest.java:39)
]]></failure>
    <system-out><![CDATA[https://gateway-qa.tangentia.com/login
Login
]]></system-out>
    <system-err><![CDATA[SLF4J: Failed to load class "org.slf4j.impl.StaticLoggerBinder".
SLF4J: Defaulting to no-operation (NOP) logger implementation
SLF4J: See http://www.slf4j.org/codes.html#StaticLoggerBinder for further details.
ERROR StatusLogger Log4j2 could not find a logging implementation. Please add log4j-core to the classpath. Using SimpleLogger to log to the console...
Starting ChromeDriver 107.0.5304.62 (1eec40d3a5764881c92085aaee66d25075c159aa-refs/branch-heads/5304@{#942}) on port 65077
Only local connections are allowed.
Please see https://chromedriver.chromium.org/security-considerations for suggestions on keeping ChromeDriver safe.
ChromeDriver was started successfully.
Nov 09, 2022 5:31:05 PM org.openqa.selenium.remote.ProtocolHandshake createSession
INFO: Detected upstream dialect: W3C
Nov 09, 2022 5:31:05 PM org.openqa.selenium.devtools.CdpVersionFinder findNearestMatch
WARNING: Unable to find an exact match for CDP version 107, so returning the closest version found: 104
Nov 09, 2022 5:31:05 PM org.openqa.selenium.devtools.CdpVersionFinder findNearestMatch
INFO: Found CDP implementation for version 107 of 104
]]></system-err>
  </testcase>
  <testcase name="SetUp" classname="gateway.testcases.RevisedPoTest" time="0">
    <skipped/>
  </testcase>
  <testcase name="SetUp" classname="gateway.testcases.RevisedPoTest" time="0">
    <skipped/>
  </testcase>
  <testcase name="SetUp" classname="gateway.testcases.RevisedPoTest" time="0">
    <skipped/>
  </testcase>
  <testcase name="SetUp" classname="gateway.testcases.RevisedPoTest" time="0">
    <skipped/>
  </testcase>
  <testcase name="TC44" classname="gateway.testcases.RevisedPoTest" time="0">
    <skipped message="Cannot invoke &quot;gateway.pages.HomePage.VerifyingOrderManagement()&quot; because &quot;this.Home&quot; is null"/>
  </testcase>
  <testcase name="close" classname="gateway.testcases.RevisedPoTest" time="0">
    <skipped/>
  </testcase>
  <testcase name="close" classname="gateway.testcases.RevisedPoTest" time="0">
    <skipped/>
  </testcase>
  <testcase name="close" classname="gateway.testcases.RevisedPoTest" time="0">
    <skipped/>
  </testcase>
  <testcase name="close" classname="gateway.testcases.RevisedPoTest" time="0">
    <skipped/>
  </testcase>
  <testcase name="close" classname="gateway.testcases.RevisedPoTest" time="0">
    <skipped/>
  </testcase>
  <testcase name="TC45" classname="gateway.testcases.RevisedPoTest" time="0">
    <skipped message="Cannot invoke &quot;gateway.pages.HomePage.VerifyingOrderManagement()&quot; because &quot;this.Home&quot; is null"/>
  </testcase>
  <testcase name="TC46" classname="gateway.testcases.RevisedPoTest" time="0">
    <skipped message="Cannot invoke &quot;gateway.pages.HomePage.VerifyingOrderManagement()&quot; because &quot;this.Home&quot; is null"/>
  </testcase>
  <testcase name="TC47" classname="gateway.testcases.RevisedPoTest" time="0">
    <skipped message="Cannot invoke &quot;gateway.pages.HomePage.VerifyingOrderManagement()&quot; because &quot;this.Home&quot; is null"/>
  </testcase>
  <testcase name="TC48" classname="gateway.testcases.RevisedPoTest" time="0">
    <skipped message="Cannot invoke &quot;gateway.pages.HomePage.VerifyingOrderManagement()&quot; because &quot;this.Home&quot; is null"/>
  </testcase>
</testsuite>