<?xml version="1.0" encoding="UTF-8"?>
<!-- Generated by org.testng.reporters.JUnitXMLReporter -->
<testsuite ignored="0" hostname="VINAY-PATIL" failures="0" tests="5" name="Tgateway portal test" time="10.791" errors="0" timestamp="2022-11-09T17:31:14 IST">
  <testcase classname="gateway.testcases.RevisedPoTest" name="@BeforeMethod SetUp" time="10.751">
    <failure type="java.lang.NullPointerException" message="Cannot invoke &amp;quot;gateway.pages.HomePage.VerifyingOrderManagement()&amp;quot; because &amp;quot;this.Home&amp;quot; is null">
      <![CDATA[java.lang.NullPointerException: Cannot invoke "gateway.pages.HomePage.VerifyingOrderManagement()" because "this.Home" is null
at gateway.testcases.RevisedPoTest.SetUp(RevisedPoTest.java:39)
at java.base/java.util.ArrayList.forEach(ArrayList.java:1511)
... Removed 35 stack frames]]>
    </failure>
  </testcase> <!-- @BeforeMethod SetUp -->
  <testcase classname="gateway.testcases.RevisedPoTest" name="@AfterMethod close" time="0.0">
    <skipped/>
  </testcase> <!-- @AfterMethod close -->
  <testcase classname="gateway.testcases.RevisedPoTest" name="@BeforeMethod SetUp" time="0.0">
    <skipped/>
  </testcase> <!-- @BeforeMethod SetUp -->
  <testcase classname="gateway.testcases.RevisedPoTest" name="@AfterMethod close" time="0.0">
    <skipped/>
  </testcase> <!-- @AfterMethod close -->
  <testcase classname="gateway.testcases.RevisedPoTest" name="@BeforeMethod SetUp" time="0.0">
    <skipped/>
  </testcase> <!-- @BeforeMethod SetUp -->
  <testcase classname="gateway.testcases.RevisedPoTest" name="@AfterMethod close" time="0.0">
    <skipped/>
  </testcase> <!-- @AfterMethod close -->
  <testcase classname="gateway.testcases.RevisedPoTest" name="@BeforeMethod SetUp" time="0.0">
    <skipped/>
  </testcase> <!-- @BeforeMethod SetUp -->
  <testcase classname="gateway.testcases.RevisedPoTest" name="@AfterMethod close" time="0.0">
    <skipped/>
  </testcase> <!-- @AfterMethod close -->
  <testcase classname="gateway.testcases.RevisedPoTest" name="@BeforeMethod SetUp" time="0.0">
    <skipped/>
  </testcase> <!-- @BeforeMethod SetUp -->
  <testcase classname="gateway.testcases.RevisedPoTest" name="@AfterMethod close" time="0.0">
    <skipped/>
  </testcase> <!-- @AfterMethod close -->
  <testcase classname="gateway.testcases.RevisedPoTest" name="TC44" time="0.0">
    <skipped/>
  </testcase> <!-- TC44 -->
  <testcase classname="gateway.testcases.RevisedPoTest" name="TC45" time="0.0">
    <skipped/>
  </testcase> <!-- TC45 -->
  <testcase classname="gateway.testcases.RevisedPoTest" name="TC46" time="0.0">
    <skipped/>
  </testcase> <!-- TC46 -->
  <testcase classname="gateway.testcases.RevisedPoTest" name="TC47" time="0.0">
    <skipped/>
  </testcase> <!-- TC47 -->
  <testcase classname="gateway.testcases.RevisedPoTest" name="TC48" time="0.0">
    <skipped/>
  </testcase> <!-- TC48 -->
</testsuite> <!-- Tgateway portal test -->
